<?xml version="1.0" encoding="UTF-8"?>
<testng-results skipped="0" failed="0" total="2" passed="2">
  <reporter-output>
  </reporter-output>
  <suite name="NewTour Application" duration-ms="40679" started-at="2019-06-29T13:50:57Z" finished-at="2019-06-29T13:51:37Z">
    <groups>
    </groups>
    <test name="LogIn Test" duration-ms="14912" started-at="2019-06-29T13:50:57Z" finished-at="2019-06-29T13:51:11Z">
      <class name="com.OHRM.testScripts.TC_101">
        <test-method status="PASS" signature="logInTest()[pri:0, instance:com.OHRM.testScripts.TC_101@7c0e2abd]" name="logInTest" duration-ms="14896" started-at="2019-06-29T19:20:57Z" finished-at="2019-06-29T19:21:11Z">
          <reporter-output>
          </reporter-output>
        </test-method> <!-- logInTest -->
      </class> <!-- com.OHRM.testScripts.TC_101 -->
    </test> <!-- LogIn Test -->
    <test name="NewTours UserRegistration" duration-ms="25705" started-at="2019-06-29T13:51:11Z" finished-at="2019-06-29T13:51:37Z">
      <class name="com.OHRM.testScripts.TC_102">
        <test-method status="PASS" signature="addEmployee()[pri:0, instance:com.OHRM.testScripts.TC_102@62ee68d8]" name="addEmployee" duration-ms="25705" started-at="2019-06-29T19:21:11Z" finished-at="2019-06-29T19:21:37Z">
          <reporter-output>
          </reporter-output>
        </test-method> <!-- addEmployee -->
      </class> <!-- com.OHRM.testScripts.TC_102 -->
    </test> <!-- NewTours UserRegistration -->
  </suite> <!-- NewTour Application -->
</testng-results>
