<?xml version="1.0" encoding="UTF-8"?>
<testng-results skipped="0" failed="0" total="1" passed="1">
  <reporter-output>
  </reporter-output>
  <suite name="Default suite" duration-ms="23900" started-at="2019-06-29T08:34:57Z" finished-at="2019-06-29T08:35:20Z">
    <groups>
    </groups>
    <test name="Default test" duration-ms="23900" started-at="2019-06-29T08:34:57Z" finished-at="2019-06-29T08:35:20Z">
      <class name="com.POM.NewTours_HomePageTesting">
        <test-method status="PASS" signature="setUp()[pri:0, instance:com.POM.NewTours_HomePageTesting@6d00a15d]" name="setUp" is-config="true" duration-ms="10858" started-at="2019-06-29T14:04:57Z" finished-at="2019-06-29T14:05:07Z">
          <reporter-output>
          </reporter-output>
        </test-method> <!-- setUp -->
        <test-method status="PASS" signature="homePage()[pri:0, instance:com.POM.NewTours_HomePageTesting@6d00a15d]" name="homePage" duration-ms="13016" started-at="2019-06-29T14:05:07Z" finished-at="2019-06-29T14:05:20Z">
          <reporter-output>
          </reporter-output>
        </test-method> <!-- homePage -->
      </class> <!-- com.POM.NewTours_HomePageTesting -->
    </test> <!-- Default test -->
  </suite> <!-- Default suite -->
</testng-results>
