<?xml version="1.0" encoding="UTF-8"?>
<testng-results skipped="0" failed="0" total="1" passed="1">
  <reporter-output>
  </reporter-output>
  <suite name="NewTours Application" duration-ms="111732" started-at="2019-06-18T06:04:43Z" finished-at="2019-06-18T06:06:35Z">
    <groups>
    </groups>
    <test name="LogIn" duration-ms="111732" started-at="2019-06-18T06:04:43Z" finished-at="2019-06-18T06:06:35Z">
      <class name="com.NewTours.NewTours_LogInTest">
        <test-method status="PASS" signature="setUp()[pri:0, instance:com.NewTours.NewTours_LogInTest@3a82f6ef]" name="setUp" is-config="true" duration-ms="9699" started-at="2019-06-18T11:34:43Z" finished-at="2019-06-18T11:34:53Z">
          <reporter-output>
          </reporter-output>
        </test-method> <!-- setUp -->
        <test-method status="PASS" signature="logIn()[pri:0, instance:com.NewTours.NewTours_LogInTest@3a82f6ef]" name="logIn" duration-ms="101261" started-at="2019-06-18T11:34:53Z" finished-at="2019-06-18T11:36:34Z">
          <reporter-output>
          </reporter-output>
        </test-method> <!-- logIn -->
        <test-method status="PASS" signature="tearDown()[pri:0, instance:com.NewTours.NewTours_LogInTest@3a82f6ef]" name="tearDown" is-config="true" duration-ms="756" started-at="2019-06-18T11:36:34Z" finished-at="2019-06-18T11:36:35Z">
          <reporter-output>
          </reporter-output>
        </test-method> <!-- tearDown -->
      </class> <!-- com.NewTours.NewTours_LogInTest -->
    </test> <!-- LogIn -->
  </suite> <!-- NewTours Application -->
</testng-results>
